# JRE version: OpenJDK Runtime Environment (8.0_152-b06) (build 1.8.0_152-release-1136-b06)
# Java VM: OpenJDK 64-Bit Server VM (25.152-b06 mixed mode windows-amd64 compressed oops)
Heap:
 PSYoungGen      total 404480K, used 388550K [0x00000000e0000000, 0x00000000fef80000, 0x0000000100000000)
  eden space 348672K, 100% used [0x00000000e0000000,0x00000000f5480000,0x00000000f5480000)
  from space 55808K, 71% used [0x00000000f8d00000,0x00000000fb3f1978,0x00000000fc380000)
  to   space 57856K, 25% used [0x00000000f5480000,0x00000000f62fce08,0x00000000f8d00000)
 ParOldGen       total 287232K, used 205719K [0x00000000a0000000, 0x00000000b1880000, 0x00000000e0000000)
  object space 287232K, 71% used [0x00000000a0000000,0x00000000ac8e5c38,0x00000000b1880000)
 Metaspace       used 87583K, capacity 92286K, committed 92456K, reserved 1130496K
  class space    used 11192K, capacity 12034K, committed 12080K, reserved 1048576K
GC Heap History (10 events):
Event: 4255.629 GC heap after
Heap after GC invocations=31 (full 3):
 PSYoungGen      total 402944K, used 14296K [0x00000000e0000000, 0x00000000fcf00000, 0x0000000100000000)
  eden space 382976K, 0% used [0x00000000e0000000,0x00000000e0000000,0x00000000f7600000)
  from space 19968K, 71% used [0x00000000fbb80000,0x00000000fc976398,0x00000000fcf00000)
  to   space 45568K, 0% used [0x00000000f7600000,0x00000000f7600000,0x00000000fa280000)
 ParOldGen       total 287232K, used 192078K [0x00000000a0000000, 0x00000000b1880000, 0x00000000e0000000)
  object space 287232K, 66% used [0x00000000a0000000,0x00000000abb93a58,0x00000000b1880000)
 Metaspace       used 86420K, capacity 91052K, committed 91176K, reserved 1128448K
  class space    used 11131K, capacity 11971K, committed 12080K, reserved 1048576K
}
Event: 4681.122 GC heap before
{Heap before GC invocations=32 (full 3):
 PSYoungGen      total 402944K, used 395134K [0x00000000e0000000, 0x00000000fcf00000, 0x0000000100000000)
  eden space 382976K, 99% used [0x00000000e0000000,0x00000000f73e97c0,0x00000000f7600000)
  from space 19968K, 71% used [0x00000000fbb80000,0x00000000fc976398,0x00000000fcf00000)
  to   space 45568K, 0% used [0x00000000f7600000,0x00000000f7600000,0x00000000fa280000)
 ParOldGen       total 287232K, used 192078K [0x00000000a0000000, 0x00000000b1880000, 0x00000000e0000000)
  object space 287232K, 66% used [0x00000000a0000000,0x00000000abb93a58,0x00000000b1880000)
 Metaspace       used 87018K, capacity 91778K, committed 91944K, reserved 1128448K
  class space    used 11182K, capacity 12028K, committed 12080K, reserved 1048576K
Event: 4681.137 GC heap after
Heap after GC invocations=32 (full 3):
 PSYoungGen      total 417280K, used 45541K [0x00000000e0000000, 0x00000000fdb00000, 0x0000000100000000)
  eden space 371712K, 0% used [0x00000000e0000000,0x00000000e0000000,0x00000000f6b00000)
  from space 45568K, 99% used [0x00000000f7600000,0x00000000fa279610,0x00000000fa280000)
  to   space 57344K, 0% used [0x00000000fa300000,0x00000000fa300000,0x00000000fdb00000)
 ParOldGen       total 287232K, used 205583K [0x00000000a0000000, 0x00000000b1880000, 0x00000000e0000000)
  object space 287232K, 71% used [0x00000000a0000000,0x00000000ac8c3c28,0x00000000b1880000)
 Metaspace       used 87018K, capacity 91778K, committed 91944K, reserved 1128448K
  class space    used 11182K, capacity 12028K, committed 12080K, reserved 1048576K
}
Event: 4681.429 GC heap before
{Heap before GC invocations=33 (full 3):
 PSYoungGen      total 417280K, used 417185K [0x00000000e0000000, 0x00000000fdb00000, 0x0000000100000000)
  eden space 371712K, 99% used [0x00000000e0000000,0x00000000f6aeeef0,0x00000000f6b00000)
  from space 45568K, 99% used [0x00000000f7600000,0x00000000fa279610,0x00000000fa280000)
  to   space 57344K, 0% used [0x00000000fa300000,0x00000000fa300000,0x00000000fdb00000)
 ParOldGen       total 287232K, used 205583K [0x00000000a0000000, 0x00000000b1880000, 0x00000000e0000000)
  object space 287232K, 71% used [0x00000000a0000000,0x00000000ac8c3c28,0x00000000b1880000)
 Metaspace       used 87022K, capacity 91778K, committed 91944K, reserved 1128448K
  class space    used 11182K, capacity 12028K, committed 12080K, reserved 1048576K
Event: 4681.438 GC heap after
Heap after GC invocations=33 (full 3):
 PSYoungGen      total 410624K, used 37556K [0x00000000e0000000, 0x00000000fd380000, 0x0000000100000000)
  eden space 360960K, 0% used [0x00000000e0000000,0x00000000e0000000,0x00000000f6080000)
  from space 49664K, 75% used [0x00000000fa300000,0x00000000fc7ad008,0x00000000fd380000)
  to   space 58880K, 0% used [0x00000000f6080000,0x00000000f6080000,0x00000000f9a00000)
 ParOldGen       total 287232K, used 205703K [0x00000000a0000000, 0x00000000b1880000, 0x00000000e0000000)
  object space 287232K, 71% used [0x00000000a0000000,0x00000000ac8e1c38,0x00000000b1880000)
 Metaspace       used 87022K, capacity 91778K, committed 91944K, reserved 1128448K
  class space    used 11182K, capacity 12028K, committed 12080K, reserved 1048576K
}
Event: 4991.920 GC heap before
{Heap before GC invocations=34 (full 3):
 PSYoungGen      total 410624K, used 391970K [0x00000000e0000000, 0x00000000fd380000, 0x0000000100000000)
  eden space 360960K, 98% used [0x00000000e0000000,0x00000000f5a1b9c0,0x00000000f6080000)
  from space 49664K, 75% used [0x00000000fa300000,0x00000000fc7ad008,0x00000000fd380000)
  to   space 58880K, 0% used [0x00000000f6080000,0x00000000f6080000,0x00000000f9a00000)
 ParOldGen       total 287232K, used 205703K [0x00000000a0000000, 0x00000000b1880000, 0x00000000e0000000)
  object space 287232K, 71% used [0x00000000a0000000,0x00000000ac8e1c38,0x00000000b1880000)
 Metaspace       used 87429K, capacity 92130K, committed 92456K, reserved 1130496K
  class space    used 11190K, capacity 12032K, committed 12080K, reserved 1048576K
Event: 4991.933 GC heap after
Heap after GC invocations=34 (full 3):
 PSYoungGen      total 375808K, used 24898K [0x00000000e0000000, 0x00000000fc380000, 0x0000000100000000)
  eden space 350720K, 0% used [0x00000000e0000000,0x00000000e0000000,0x00000000f5680000)
  from space 25088K, 99% used [0x00000000f6080000,0x00000000f78d08c8,0x00000000f7900000)
  to   space 55808K, 0% used [0x00000000f8d00000,0x00000000f8d00000,0x00000000fc380000)
 ParOldGen       total 287232K, used 205711K [0x00000000a0000000, 0x00000000b1880000, 0x00000000e0000000)
  object space 287232K, 71% used [0x00000000a0000000,0x00000000ac8e3c38,0x00000000b1880000)
 Metaspace       used 87429K, capacity 92130K, committed 92456K, reserved 1130496K
  class space    used 11190K, capacity 12032K, committed 12080K, reserved 1048576K
}
Event: 4992.316 GC heap before
{Heap before GC invocations=35 (full 3):
 PSYoungGen      total 375808K, used 374991K [0x00000000e0000000, 0x00000000fc380000, 0x0000000100000000)
  eden space 350720K, 99% used [0x00000000e0000000,0x00000000f55e3608,0x00000000f5680000)
  from space 25088K, 99% used [0x00000000f6080000,0x00000000f78d08c8,0x00000000f7900000)
  to   space 55808K, 0% used [0x00000000f8d00000,0x00000000f8d00000,0x00000000fc380000)
 ParOldGen       total 287232K, used 205711K [0x00000000a0000000, 0x00000000b1880000, 0x00000000e0000000)
  object space 287232K, 71% used [0x00000000a0000000,0x00000000ac8e3c38,0x00000000b1880000)
 Metaspace       used 87437K, capacity 92130K, committed 92456K, reserved 1130496K
  class space    used 11190K, capacity 12032K, committed 12080K, reserved 1048576K
Event: 4992.325 GC heap after
Heap after GC invocations=35 (full 3):
 PSYoungGen      total 404480K, used 39878K [0x00000000e0000000, 0x00000000fef80000, 0x0000000100000000)
  eden space 348672K, 0% used [0x00000000e0000000,0x00000000e0000000,0x00000000f5480000)
  from space 55808K, 71% used [0x00000000f8d00000,0x00000000fb3f1978,0x00000000fc380000)
  to   space 57856K, 0% used [0x00000000f5480000,0x00000000f5480000,0x00000000f8d00000)
 ParOldGen       total 287232K, used 205711K [0x00000000a0000000, 0x00000000b1880000, 0x00000000e0000000)
  object space 287232K, 71% used [0x00000000a0000000,0x00000000ac8e3c38,0x00000000b1880000)
 Metaspace       used 87437K, capacity 92130K, committed 92456K, reserved 1130496K
  class space    used 11190K, capacity 12032K, committed 12080K, reserved 1048576K
}
Event: 5056.138 GC heap before
{Heap before GC invocations=36 (full 3):
 PSYoungGen      total 404480K, used 388550K [0x00000000e0000000, 0x00000000fef80000, 0x0000000100000000)
  eden space 348672K, 100% used [0x00000000e0000000,0x00000000f5480000,0x00000000f5480000)
  from space 55808K, 71% used [0x00000000f8d00000,0x00000000fb3f1978,0x00000000fc380000)
  to   space 57856K, 0% used [0x00000000f5480000,0x00000000f5480000,0x00000000f8d00000)
 ParOldGen       total 287232K, used 205711K [0x00000000a0000000, 0x00000000b1880000, 0x00000000e0000000)
  object space 287232K, 71% used [0x00000000a0000000,0x00000000ac8e3c38,0x00000000b1880000)
 Metaspace       used 87583K, capacity 92286K, committed 92456K, reserved 1130496K
  class space    used 11192K, capacity 12034K, committed 12080K, reserved 1048576K

